<?xml version="1.0" encoding="UTF-8"?>
<testng-results ignored="0" total="1" passed="1" failed="0" skipped="0">
  <reporter-output>
  </reporter-output>
  <suite started-at="2023-01-16T15:16:29 IST" name="Default suite" finished-at="2023-01-16T15:18:20 IST" duration-ms="110345">
    <groups>
    </groups>
    <test started-at="2023-01-16T15:16:29 IST" name="Default test" finished-at="2023-01-16T15:18:20 IST" duration-ms="110345">
      <class name="Com.Ecommerce.TestCases.login_test">
        <test-method is-config="true" signature="setup()[pri:0, instance:Com.Ecommerce.TestCases.login_test@55141def]" started-at="2023-01-16T15:16:30 IST" name="setup" finished-at="2023-01-16T15:18:05 IST" duration-ms="95425" status="PASS">
          <reporter-output>
          </reporter-output>
        </test-method> <!-- setup -->
        <test-method signature="test()[pri:0, instance:Com.Ecommerce.TestCases.login_test@55141def]" started-at="2023-01-16T15:18:05 IST" name="test" finished-at="2023-01-16T15:18:20 IST" duration-ms="14698" status="PASS">
          <reporter-output>
          </reporter-output>
        </test-method> <!-- test -->
      </class> <!-- Com.Ecommerce.TestCases.login_test -->
    </test> <!-- Default test -->
  </suite> <!-- Default suite -->
</testng-results>
